#
# There is insufficient memory for the Java Runtime Environment to continue.
# Native memory allocation (malloc) failed to allocate 1048576 bytes for AllocateHeap
# Possible reasons:
#   The system is out of physical RAM or swap space
#   The process is running with CompressedOops enabled, and the Java Heap may be blocking the growth of the native heap
# Possible solutions:
#   Reduce memory load on the system
#   Increase physical memory or swap space
#   Check if swap backing store is full
#   Decrease Java heap size (-Xmx/-Xms)
#   Decrease number of Java threads
#   Decrease Java thread stack sizes (-Xss)
#   Set larger code cache with -XX:ReservedCodeCacheSize=
#   JVM is running with Unscaled Compressed Oops mode in which the Java heap is
#     placed in the first 4GB address space. The Java Heap base address is the
#     maximum limit for the native heap growth. Please use -XX:HeapBaseMinAddress
#     to set the Java Heap base and to place the Java Heap above 4GB virtual address.
# This output file may be truncated or incomplete.
#
#  Out of Memory Error (memory/allocation.inline.hpp:61), pid=30564, tid=0x00000000000067c0
#
# JRE version:  (8.0_202-b08) (build )
# Java VM: Java HotSpot(TM) 64-Bit Server VM (25.202-b08 mixed mode windows-amd64 compressed oops)
# Failed to write core dump. Minidumps are not enabled by default on client versions of Windows
#

---------------  T H R E A D  ---------------

Current thread (0x0000000002d25000):  JavaThread "Unknown thread" [_thread_in_vm, id=26560, stack(0x0000000002c20000,0x0000000002d20000)]

Stack: [0x0000000002c20000,0x0000000002d20000]
[error occurred during error reporting (printing stack bounds), id 0xc0000005]

Native frames: (J=compiled Java code, j=interpreted, Vv=VM code, C=native code)


---------------  P R O C E S S  ---------------

Java Threads: ( => current thread )

Other Threads:

=>0x0000000002d25000 (exited) JavaThread "Unknown thread" [_thread_in_vm, id=26560, stack(0x0000000002c20000,0x0000000002d20000)]

VM state:not at safepoint (normal execution)

VM Mutex/Monitor currently owned by a thread: None

heap address: 0x0000000089400000, size: 1900 MB, Compressed Oops mode: 32-bit
Narrow klass base: 0x0000000000000000, Narrow klass shift: 3
Compressed class space size: 1073741824 Address: 0x0000000100000000

Heap:
 PSYoungGen      total 35840K, used 614K [0x00000000d8700000, 0x00000000daf00000, 0x0000000100000000)
  eden space 30720K, 2% used [0x00000000d8700000,0x00000000d87999a8,0x00000000da500000)
  from space 5120K, 0% used [0x00000000daa00000,0x00000000daa00000,0x00000000daf00000)
  to   space 5120K, 0% used [0x00000000da500000,0x00000000da500000,0x00000000daa00000)
 ParOldGen       total 81920K, used 0K [0x0000000089400000, 0x000000008e400000, 0x00000000d8700000)
  object space 81920K, 0% used [0x0000000089400000,0x0000000089400000,0x000000008e400000)
 Metaspace       used 775K, capacity 4480K, committed 4480K, reserved 1056768K
  class space    used 76K, capacity 384K, committed 384K, reserved 1048576K

Card table byte_map: [0x00000000121e0000,0x00000000125a0000] byte_map_base: 0x0000000011d96000

Marking Bits: (ParMarkBitMap*) 0x00000000706d5ce0
 Begin Bits: [0x0000000012e20000, 0x0000000014bd0000)
 End Bits:   [0x0000000014bd0000, 0x0000000016980000)

Polling page: 0x0000000000ff0000

CodeCache: size=245760Kb used=327Kb max_used=327Kb free=245432Kb
 bounds [0x0000000002e20000, 0x0000000003090000, 0x0000000011e20000]
 total_blobs=57 nmethods=0 adapters=38
 compilation: enabled

Compilation events (0 events):
No events

GC Heap History (0 events):
No events

Deoptimization events (0 events):
No events

Classes redefined (0 events):
No events

Internal exceptions (0 events):
No events

Events (10 events):
Event: 0.028 loading class java/lang/Short
Event: 0.028 loading class java/lang/Short done
Event: 0.028 loading class java/lang/Integer
Event: 0.028 loading class java/lang/Integer done
Event: 0.028 loading class java/lang/Long
Event: 0.028 loading class java/lang/Long done
Event: 0.029 loading class java/lang/NullPointerException
Event: 0.029 loading class java/lang/NullPointerException done
Event: 0.029 loading class java/lang/ArithmeticException
Event: 0.029 loading class java/lang/ArithmeticException done


Dynamic libraries:
0x00007ff662670000 - 0x00007ff6626a7000 	C:\Java\bin\javaw.exe
0x00007ffda1c90000 - 0x00007ffda1ea7000 	C:\WINDOWS\SYSTEM32\ntdll.dll
0x00007ffd9fc70000 - 0x00007ffd9fd34000 	C:\WINDOWS\System32\KERNEL32.DLL
0x00007ffd9f400000 - 0x00007ffd9f7a6000 	C:\WINDOWS\System32\KERNELBASE.dll
0x00007ffd9c0a0000 - 0x00007ffd9c137000 	C:\WINDOWS\SYSTEM32\apphelp.dll
0x00007ffda00d0000 - 0x00007ffda0180000 	C:\WINDOWS\System32\ADVAPI32.dll
0x00007ffd9fb10000 - 0x00007ffd9fbb7000 	C:\WINDOWS\System32\msvcrt.dll
0x00007ffda09c0000 - 0x00007ffda0a66000 	C:\WINDOWS\System32\sechost.dll
0x00007ffda1480000 - 0x00007ffda1597000 	C:\WINDOWS\System32\RPCRT4.dll
0x00007ffda0750000 - 0x00007ffda08fd000 	C:\WINDOWS\System32\USER32.dll
0x00007ffd9f9c0000 - 0x00007ffd9f9e6000 	C:\WINDOWS\System32\win32u.dll
0x00007ffda0340000 - 0x00007ffda0369000 	C:\WINDOWS\System32\GDI32.dll
0x00007ffd9f010000 - 0x00007ffd9f128000 	C:\WINDOWS\System32\gdi32full.dll
0x00007ffd9f920000 - 0x00007ffd9f9ba000 	C:\WINDOWS\System32\msvcp_win.dll
0x00007ffd9f130000 - 0x00007ffd9f241000 	C:\WINDOWS\System32\ucrtbase.dll
0x00007ffd8dd80000 - 0x00007ffd8e013000 	C:\WINDOWS\WinSxS\amd64_microsoft.windows.common-controls_6595b64144ccf1df_6.0.22621.2361_none_2712ced57382f843\COMCTL32.dll
0x00007ffda0900000 - 0x00007ffda0931000 	C:\WINDOWS\System32\IMM32.DLL
0x00000000711d0000 - 0x00000000712a2000 	C:\Java\jre\bin\msvcr100.dll
0x000000006feb0000 - 0x0000000070755000 	C:\Java\jre\bin\server\jvm.dll
0x00007ffda01e0000 - 0x00007ffda01e8000 	C:\WINDOWS\System32\PSAPI.DLL
0x00007ffd9a6c0000 - 0x00007ffd9a6c9000 	C:\WINDOWS\SYSTEM32\WSOCK32.dll
0x00007ffda1600000 - 0x00007ffda1671000 	C:\WINDOWS\System32\WS2_32.dll
0x00007ffd95040000 - 0x00007ffd95074000 	C:\WINDOWS\SYSTEM32\WINMM.dll
0x00007ffd98080000 - 0x00007ffd9808a000 	C:\WINDOWS\SYSTEM32\VERSION.dll
0x00007ffd98bc0000 - 0x00007ffd98bcf000 	C:\Java\jre\bin\verify.dll
0x00007ffd904c0000 - 0x00007ffd904e9000 	C:\Java\jre\bin\java.dll
0x00007ffd90860000 - 0x00007ffd90876000 	C:\Java\jre\bin\zip.dll

VM Arguments:
jvm_args: -Dfile.encoding=UTF-8 
java_command: BigDataCourse.CarsProject.App
java_class_path (initial): C:\workspace\CarsProject\target\classes;C:\Java\lib\tools.jar;C:\Users\YGN\.m2\repository\org\apache\hadoop\hadoop-yarn-applications-distributedshell\2.7.1\hadoop-yarn-applications-distributedshell-2.7.1.jar;C:\Users\YGN\.m2\repository\log4j\log4j\1.2.17\log4j-1.2.17.jar;C:\Users\YGN\.m2\repository\commons-lang\commons-lang\2.6\commons-lang-2.6.jar;C:\Users\YGN\.m2\repository\com\google\guava\guava\11.0.2\guava-11.0.2.jar;C:\Users\YGN\.m2\repository\com\google\code\findbugs\jsr305\1.3.9\jsr305-1.3.9.jar;C:\Users\YGN\.m2\repository\commons-logging\commons-logging\1.1.3\commons-logging-1.1.3.jar;C:\Users\YGN\.m2\repository\commons-cli\commons-cli\1.2\commons-cli-1.2.jar;C:\Users\YGN\.m2\repository\commons-io\commons-io\2.4\commons-io-2.4.jar;C:\Users\YGN\.m2\repository\org\apache\hadoop\hadoop-annotations\2.7.1\hadoop-annotations-2.7.1.jar;C:\Users\YGN\.m2\repository\org\apache\hadoop\hadoop-yarn-client\2.7.1\hadoop-yarn-client-2.7.1.jar;C:\Users\YGN\.m2\repository\org\apache\hadoop\hadoop-yarn-applications-unmanaged-am-launcher\2.7.1\hadoop-yarn-applications-unmanaged-am-launcher-2.7.1.jar;C:\Users\YGN\.m2\repository\org\apache\hadoop\hadoop-yarn-server-common\2.7.1\hadoop-yarn-server-common-2.7.1.jar;C:\Users\YGN\.m2\repository\com\google\protobuf\protobuf-java\2.5.0\protobuf-java-2.5.0.jar;C:\Users\YGN\.m2\repository\org\apache\zookeeper\zookeeper\3.4.6\zookeeper-3.4.6.jar;C:\Users\YGN\.m2\repository\org\fusesource\leveldbjni\leveldbjni-all\1.8\leveldbjni-all-1.8.jar;C:\Users\YGN\.m2\repository\org\apache\hadoop\hadoop-yarn-server-applicationhistoryservice\2.7.1\hadoop-yarn-server-applicationhistoryservice-2.7.1.jar;C:\Users\YGN\.m2\repository\javax\servlet\servlet-api\2.5\servlet-api-2.5.jar;C:\Users\YGN\.m2\repository\com\google\inject\extensions\guice-servlet\3.0\guice-servlet-3.0.jar;C:\Users\YGN\.m2\repository\com\google\inject\guice\3.0\guice-3.0.jar;C:\Users\YGN\.m2\repository\javax\inject\javax.inject\1\javax.inject-1.jar;C:\Use
Launcher Type: SUN_STANDARD

Environment Variables:
JAVA_HOME=C:\Java
PATH=C:/Program Files/Java/jre1.8.0_202/bin/server;C:/Program Files/Java/jre1.8.0_202/bin;C:/Program Files/Java/jre1.8.0_202/lib/amd64;C:\Program Files (x86)\Common Files\Oracle\Java\javapath;C:\Program Files\Eclipse Foundation\jdk-8.0.302.8-hotspot\bin;L:\VrtualBox VMWARE\bin\;C:\Program Files\Common Files\Oracle\Java\javapath;C:\Program Files (x86)\NVIDIA Corporation\PhysX\Common;C:\WINDOWS\system32;C:\WINDOWS;C:\WINDOWS\System32\Wbem;C:\WINDOWS\System32\WindowsPowerShell\v1.0\;C:\WINDOWS\System32\OpenSSH\;C:\MinGW\bin;C:\Program Files\dotnet\;C:\Program Files\Microsoft SQL Server\130\Tools\Binn\;C:\Program Files\Microsoft SQL Server\Client SDK\ODBC\170\Tools\Binn\;C:\Program Files\Azure Data Studio\bin;C:\Program Files (x86)\Microsoft SQL Server\150\DTS\Binn\;C:\Program Files\nodejs\;C:\Program Files (x86)\Microsoft SQL Server\150\Tools\Binn\;C:\Program Files\Microsoft SQL Server\150\Tools\Binn\;C:\Program Files\Microsoft SQL Server\150\DTS\Binn\;C:\Program Files\TortoiseSVN\bin;C:\Program Files\Git\cmd;C:\Program Files\Wolfram Research\WolframScript\;C:\Java\bin;C:\hadoop-2.10.1\bin;C:\hadoop-2.10.1\sbin;C:\Users\YGN\AppData\Local\Programs\Python\Python312\Scripts\;C:\Users\YGN\AppData\Local\Programs\Python\Python312\;C:\Users\YGN\AppData\Local\Programs\Python\Launcher\;C:\Users\YGN\AppData\Local\Microsoft\WindowsApps;C:\Users\YGN\AppData\Local\Programs\Microsoft VS Code\bin;C:\Program Files\JetBrains\CLion 2020.2.4\bin;C:\Users\YGN\AppData\Local\GitHubDesktop\bin;C:\Users\YGN\AppData\Roaming\npm;C:\Users\YGN\.dotnet\tools;C:\eclipse;
USERNAME=YGN
OS=Windows_NT
PROCESSOR_IDENTIFIER=AMD64 Family 23 Model 96 Stepping 1, AuthenticAMD



---------------  S Y S T E M  ---------------

OS: Windows 10.0 , 64 bit Build 22621 (10.0.22621.2428)

CPU:total 6 (initial active 6) (6 cores per cpu, 1 threads per core) family 23 model 96 stepping 1, cmov, cx8, fxsr, mmx, sse, sse2, sse3, ssse3, sse4.1, sse4.2, popcnt, avx, avx2, aes, clmul, mmxext, 3dnowpref, lzcnt, sse4a, tsc, tscinvbit, tscinv, bmi1

Memory: 4k page, physical 7781828k(257984k free), swap 31899076k(5800k free)

vm_info: Java HotSpot(TM) 64-Bit Server VM (25.202-b08) for windows-amd64 JRE (1.8.0_202-b08), built on Dec 15 2018 19:54:30 by "java_re" with MS VC++ 10.0 (VS2010)

time: Sun Nov 05 17:19:33 2023
timezone: Türkiye Standard Time
elapsed time: 0 seconds (0d 0h 0m 0s)

