#
# There is insufficient memory for the Java Runtime Environment to continue.
# Native memory allocation (malloc) failed to allocate 624576 bytes for Chunk::new
# Possible reasons:
#   The system is out of physical RAM or swap space
#   The process is running with CompressedOops enabled, and the Java Heap may be blocking the growth of the native heap
# Possible solutions:
#   Reduce memory load on the system
#   Increase physical memory or swap space
#   Check if swap backing store is full
#   Decrease Java heap size (-Xmx/-Xms)
#   Decrease number of Java threads
#   Decrease Java thread stack sizes (-Xss)
#   Set larger code cache with -XX:ReservedCodeCacheSize=
#   JVM is running with Unscaled Compressed Oops mode in which the Java heap is
#     placed in the first 4GB address space. The Java Heap base address is the
#     maximum limit for the native heap growth. Please use -XX:HeapBaseMinAddress
#     to set the Java Heap base and to place the Java Heap above 4GB virtual address.
# This output file may be truncated or incomplete.
#
#  Out of Memory Error (allocation.cpp:389), pid=17060, tid=0x0000000000006e54
#
# JRE version: Java(TM) SE Runtime Environment (8.0_202-b08) (build 1.8.0_202-b08)
# Java VM: Java HotSpot(TM) 64-Bit Server VM (25.202-b08 mixed mode windows-amd64 compressed oops)
# Failed to write core dump. Minidumps are not enabled by default on client versions of Windows
#

---------------  T H R E A D  ---------------

Current thread (0x00000000173d9000):  JavaThread "C2 CompilerThread1" daemon [_thread_in_native, id=28244, stack(0x0000000019140000,0x0000000019240000)]

Stack: [0x0000000019140000,0x0000000019240000]
[error occurred during error reporting (printing stack bounds), id 0xc0000005]

Native frames: (J=compiled Java code, j=interpreted, Vv=VM code, C=native code)


Current CompileTask:
C2:   9711 1567       4       java.io.WinNTFileSystem::normalize (143 bytes)


---------------  P R O C E S S  ---------------

Java Threads: ( => current thread )
  0x0000000019ed6800 JavaThread "TimerQueue" daemon [_thread_blocked, id=22432, stack(0x0000000021670000,0x0000000021770000)]
  0x000000001952a000 JavaThread "D3D Screen Updater" daemon [_thread_blocked, id=29320, stack(0x0000000020c30000,0x0000000020d30000)]
  0x00000000029c5000 JavaThread "DestroyJavaVM" [_thread_blocked, id=26248, stack(0x00000000028c0000,0x00000000029c0000)]
  0x0000000019e49800 JavaThread "AWT-EventQueue-0" [_thread_in_Java, id=23724, stack(0x0000000020590000,0x0000000020690000)]
  0x0000000019dd6800 JavaThread "AWT-Windows" daemon [_thread_in_native, id=29500, stack(0x000000001a550000,0x000000001a650000)]
  0x0000000019dd6000 JavaThread "AWT-Shutdown" [_thread_blocked, id=8692, stack(0x000000001a450000,0x000000001a550000)]
  0x0000000019dd1800 JavaThread "Java2D Disposer" daemon [_thread_blocked, id=25128, stack(0x000000001a290000,0x000000001a390000)]
  0x00000000193be800 JavaThread "Service Thread" daemon [_thread_blocked, id=25956, stack(0x0000000019740000,0x0000000019840000)]
  0x00000000173da000 JavaThread "C1 CompilerThread2" daemon [_thread_blocked, id=23400, stack(0x0000000019240000,0x0000000019340000)]
=>0x00000000173d9000 JavaThread "C2 CompilerThread1" daemon [_thread_in_native, id=28244, stack(0x0000000019140000,0x0000000019240000)]
  0x00000000173d7000 JavaThread "C2 CompilerThread0" daemon [_thread_blocked, id=26536, stack(0x0000000019040000,0x0000000019140000)]
  0x00000000173c9000 JavaThread "Attach Listener" daemon [_thread_blocked, id=560, stack(0x0000000018f40000,0x0000000019040000)]
  0x00000000173c4000 JavaThread "Signal Dispatcher" daemon [_thread_blocked, id=31368, stack(0x0000000018e40000,0x0000000018f40000)]
  0x00000000173af800 JavaThread "Finalizer" daemon [_thread_blocked, id=7004, stack(0x0000000018c40000,0x0000000018d40000)]
  0x00000000173ac000 JavaThread "Reference Handler" daemon [_thread_blocked, id=27844, stack(0x0000000018b40000,0x0000000018c40000)]

Other Threads:
  0x0000000017388800 VMThread [stack: 0x0000000018a40000,0x0000000018b40000] [id=9520]
  0x0000000019401800 WatcherThread [stack: 0x0000000019840000,0x0000000019940000] [id=17860]

VM state:not at safepoint (normal execution)

VM Mutex/Monitor currently owned by a thread: None

heap address: 0x0000000089400000, size: 1900 MB, Compressed Oops mode: 32-bit
Narrow klass base: 0x0000000000000000, Narrow klass shift: 3
Compressed class space size: 1073741824 Address: 0x0000000100000000

Heap:
 PSYoungGen      total 35840K, used 11825K [0x00000000d8700000, 0x00000000dc700000, 0x0000000100000000)
  eden space 30720K, 27% used [0x00000000d8700000,0x00000000d8f1c4e0,0x00000000da500000)
  from space 5120K, 68% used [0x00000000da500000,0x00000000da870190,0x00000000daa00000)
  to   space 5120K, 0% used [0x00000000dc200000,0x00000000dc200000,0x00000000dc700000)
 ParOldGen       total 41984K, used 4726K [0x0000000089400000, 0x000000008bd00000, 0x00000000d8700000)
  object space 41984K, 11% used [0x0000000089400000,0x000000008989da60,0x000000008bd00000)
 Metaspace       used 20770K, capacity 20948K, committed 21120K, reserved 1069056K
  class space    used 2591K, capacity 2670K, committed 2688K, reserved 1048576K

Card table byte_map: [0x0000000011e80000,0x0000000012240000] byte_map_base: 0x0000000011a36000

Marking Bits: (ParMarkBitMap*) 0x00000000706d5ce0
 Begin Bits: [0x0000000012ac0000, 0x0000000014870000)
 End Bits:   [0x0000000014870000, 0x0000000016620000)

Polling page: 0x0000000000f40000

CodeCache: size=245760Kb used=5355Kb max_used=5368Kb free=240404Kb
 bounds [0x0000000002ac0000, 0x0000000003010000, 0x0000000011ac0000]
 total_blobs=2120 nmethods=1569 adapters=464
 compilation: enabled

Compilation events (10 events):
Event: 9.612 Thread 0x00000000173d9000 nmethod 1565 0x0000000002ffea50 code [0x0000000002ffeb80, 0x0000000002ffec58]
Event: 9.616 Thread 0x00000000173d7000 1566       4       java.util.zip.Inflater::ensureOpen (47 bytes)
Event: 9.617 Thread 0x00000000173d7000 nmethod 1566 0x0000000002ffed10 code [0x0000000002ffee40, 0x0000000002ffeed8]
Event: 9.636 Thread 0x00000000173d9000 1567       4       java.io.WinNTFileSystem::normalize (143 bytes)
Event: 9.687 Thread 0x00000000173d7000 1568       4       java.lang.ClassLoader::checkName (43 bytes)
Event: 9.687 Thread 0x00000000173da000 1569       1       java.nio.charset.CharsetDecoder::implReset (1 bytes)
Event: 9.688 Thread 0x00000000173da000 nmethod 1569 0x0000000002ffe790 code [0x0000000002ffe8e0, 0x0000000002ffe9f0]
Event: 9.691 Thread 0x00000000173d7000 nmethod 1568 0x0000000002ffccd0 code [0x0000000002ffce20, 0x0000000002ffd098]
Event: 9.694 Thread 0x00000000173d7000 1570       4       java.lang.String::equalsIgnoreCase (48 bytes)
Event: 9.699 Thread 0x00000000173d7000 nmethod 1570 0x0000000002fff950 code [0x0000000002fffac0, 0x00000000030000d8]

GC Heap History (8 events):
Event: 8.352 GC heap before
{Heap before GC invocations=1 (full 0):
 PSYoungGen      total 35840K, used 30720K [0x00000000d8700000, 0x00000000daf00000, 0x0000000100000000)
  eden space 30720K, 100% used [0x00000000d8700000,0x00000000da500000,0x00000000da500000)
  from space 5120K, 0% used [0x00000000daa00000,0x00000000daa00000,0x00000000daf00000)
  to   space 5120K, 0% used [0x00000000da500000,0x00000000da500000,0x00000000daa00000)
 ParOldGen       total 81920K, used 0K [0x0000000089400000, 0x000000008e400000, 0x00000000d8700000)
  object space 81920K, 0% used [0x0000000089400000,0x0000000089400000,0x000000008e400000)
 Metaspace       used 15027K, capacity 15190K, committed 15360K, reserved 1062912K
  class space    used 1941K, capacity 1993K, committed 2048K, reserved 1048576K
Event: 8.361 GC heap after
Heap after GC invocations=1 (full 0):
 PSYoungGen      total 35840K, used 5098K [0x00000000d8700000, 0x00000000daf00000, 0x0000000100000000)
  eden space 30720K, 0% used [0x00000000d8700000,0x00000000d8700000,0x00000000da500000)
  from space 5120K, 99% used [0x00000000da500000,0x00000000da9fa910,0x00000000daa00000)
  to   space 5120K, 0% used [0x00000000daa00000,0x00000000daa00000,0x00000000daf00000)
 ParOldGen       total 81920K, used 441K [0x0000000089400000, 0x000000008e400000, 0x00000000d8700000)
  object space 81920K, 0% used [0x0000000089400000,0x000000008946e728,0x000000008e400000)
 Metaspace       used 15027K, capacity 15190K, committed 15360K, reserved 1062912K
  class space    used 1941K, capacity 1993K, committed 2048K, reserved 1048576K
}
Event: 8.625 GC heap before
{Heap before GC invocations=2 (full 0):
 PSYoungGen      total 35840K, used 21152K [0x00000000d8700000, 0x00000000daf00000, 0x0000000100000000)
  eden space 30720K, 52% used [0x00000000d8700000,0x00000000d96ad728,0x00000000da500000)
  from space 5120K, 99% used [0x00000000da500000,0x00000000da9fa910,0x00000000daa00000)
  to   space 5120K, 0% used [0x00000000daa00000,0x00000000daa00000,0x00000000daf00000)
 ParOldGen       total 81920K, used 441K [0x0000000089400000, 0x000000008e400000, 0x00000000d8700000)
  object space 81920K, 0% used [0x0000000089400000,0x000000008946e728,0x000000008e400000)
 Metaspace       used 17027K, capacity 17236K, committed 17408K, reserved 1069056K
  class space    used 2198K, capacity 2286K, committed 2304K, reserved 1048576K
Event: 8.634 GC heap after
Heap after GC invocations=2 (full 0):
 PSYoungGen      total 35840K, used 4846K [0x00000000d8700000, 0x00000000daf00000, 0x0000000100000000)
  eden space 30720K, 0% used [0x00000000d8700000,0x00000000d8700000,0x00000000da500000)
  from space 5120K, 94% used [0x00000000daa00000,0x00000000daebbbb8,0x00000000daf00000)
  to   space 5120K, 0% used [0x00000000da500000,0x00000000da500000,0x00000000daa00000)
 ParOldGen       total 81920K, used 521K [0x0000000089400000, 0x000000008e400000, 0x00000000d8700000)
  object space 81920K, 0% used [0x0000000089400000,0x0000000089482750,0x000000008e400000)
 Metaspace       used 17027K, capacity 17236K, committed 17408K, reserved 1069056K
  class space    used 2198K, capacity 2286K, committed 2304K, reserved 1048576K
}
Event: 8.634 GC heap before
{Heap before GC invocations=3 (full 1):
 PSYoungGen      total 35840K, used 4846K [0x00000000d8700000, 0x00000000daf00000, 0x0000000100000000)
  eden space 30720K, 0% used [0x00000000d8700000,0x00000000d8700000,0x00000000da500000)
  from space 5120K, 94% used [0x00000000daa00000,0x00000000daebbbb8,0x00000000daf00000)
  to   space 5120K, 0% used [0x00000000da500000,0x00000000da500000,0x00000000daa00000)
 ParOldGen       total 81920K, used 521K [0x0000000089400000, 0x000000008e400000, 0x00000000d8700000)
  object space 81920K, 0% used [0x0000000089400000,0x0000000089482750,0x000000008e400000)
 Metaspace       used 17027K, capacity 17236K, committed 17408K, reserved 1069056K
  class space    used 2198K, capacity 2286K, committed 2304K, reserved 1048576K
Event: 8.663 GC heap after
Heap after GC invocations=3 (full 1):
 PSYoungGen      total 35840K, used 0K [0x00000000d8700000, 0x00000000daf00000, 0x0000000100000000)
  eden space 30720K, 0% used [0x00000000d8700000,0x00000000d8700000,0x00000000da500000)
  from space 5120K, 0% used [0x00000000daa00000,0x00000000daa00000,0x00000000daf00000)
  to   space 5120K, 0% used [0x00000000da500000,0x00000000da500000,0x00000000daa00000)
 ParOldGen       total 41984K, used 4726K [0x0000000089400000, 0x000000008bd00000, 0x00000000d8700000)
  object space 41984K, 11% used [0x0000000089400000,0x000000008989da60,0x000000008bd00000)
 Metaspace       used 17027K, capacity 17236K, committed 17408K, reserved 1067008K
  class space    used 2198K, capacity 2286K, committed 2304K, reserved 1048576K
}
Event: 9.664 GC heap before
{Heap before GC invocations=4 (full 1):
 PSYoungGen      total 35840K, used 30720K [0x00000000d8700000, 0x00000000daf00000, 0x0000000100000000)
  eden space 30720K, 100% used [0x00000000d8700000,0x00000000da500000,0x00000000da500000)
  from space 5120K, 0% used [0x00000000daa00000,0x00000000daa00000,0x00000000daf00000)
  to   space 5120K, 0% used [0x00000000da500000,0x00000000da500000,0x00000000daa00000)
 ParOldGen       total 41984K, used 4726K [0x0000000089400000, 0x000000008bd00000, 0x00000000d8700000)
  object space 41984K, 11% used [0x0000000089400000,0x000000008989da60,0x000000008bd00000)
 Metaspace       used 20035K, capacity 20212K, committed 20608K, reserved 1069056K
  class space    used 2518K, capacity 2574K, committed 2688K, reserved 1048576K
Event: 9.669 GC heap after
Heap after GC invocations=4 (full 1):
 PSYoungGen      total 35840K, used 3520K [0x00000000d8700000, 0x00000000dc700000, 0x0000000100000000)
  eden space 30720K, 0% used [0x00000000d8700000,0x00000000d8700000,0x00000000da500000)
  from space 5120K, 68% used [0x00000000da500000,0x00000000da870190,0x00000000daa00000)
  to   space 5120K, 0% used [0x00000000dc200000,0x00000000dc200000,0x00000000dc700000)
 ParOldGen       total 41984K, used 4726K [0x0000000089400000, 0x000000008bd00000, 0x00000000d8700000)
  object space 41984K, 11% used [0x0000000089400000,0x000000008989da60,0x000000008bd00000)
 Metaspace       used 20035K, capacity 20212K, committed 20608K, reserved 1069056K
  class space    used 2518K, capacity 2574K, committed 2688K, reserved 1048576K
}

Deoptimization events (10 events):
Event: 2.758 Thread 0x0000000019e49800 Uncommon trap: reason=class_check action=maybe_recompile pc=0x0000000002c6b594 method=java.lang.String.equals(Ljava/lang/Object;)Z @ 8
Event: 8.300 Thread 0x0000000019e49800 Uncommon trap: reason=unstable_if action=reinterpret pc=0x0000000002d9f9a4 method=java.lang.String.indexOf([CII[CIII)I @ 3
Event: 8.460 Thread 0x0000000019e49800 Uncommon trap: reason=unstable_if action=reinterpret pc=0x0000000002d56e5c method=java.util.HashMap.getNode(ILjava/lang/Object;)Ljava/util/HashMap$Node; @ 62
Event: 8.460 Thread 0x0000000019e49800 Uncommon trap: reason=unstable_if action=reinterpret pc=0x0000000002d16a44 method=java.util.HashMap.getNode(ILjava/lang/Object;)Ljava/util/HashMap$Node; @ 62
Event: 8.462 Thread 0x0000000019e49800 Uncommon trap: reason=class_check action=maybe_recompile pc=0x0000000002e0f09c method=java.util.HashMap.putVal(ILjava/lang/Object;Ljava/lang/Object;ZZ)Ljava/lang/Object; @ 253
Event: 8.470 Thread 0x0000000019e49800 Uncommon trap: reason=class_check action=maybe_recompile pc=0x0000000002e0f09c method=java.util.HashMap.putVal(ILjava/lang/Object;Ljava/lang/Object;ZZ)Ljava/lang/Object; @ 253
Event: 8.470 Thread 0x0000000019e49800 Uncommon trap: reason=bimorphic action=maybe_recompile pc=0x0000000002e0f10c method=java.util.HashMap.putVal(ILjava/lang/Object;Ljava/lang/Object;ZZ)Ljava/lang/Object; @ 203
Event: 8.481 Thread 0x0000000019e49800 Uncommon trap: reason=class_check action=maybe_recompile pc=0x0000000002e0f09c method=java.util.HashMap.putVal(ILjava/lang/Object;Ljava/lang/Object;ZZ)Ljava/lang/Object; @ 253
Event: 8.482 Thread 0x0000000019e49800 Uncommon trap: reason=class_check action=maybe_recompile pc=0x0000000002e0f09c method=java.util.HashMap.putVal(ILjava/lang/Object;Ljava/lang/Object;ZZ)Ljava/lang/Object; @ 253
Event: 8.569 Thread 0x0000000019e49800 Uncommon trap: reason=unstable_if action=reinterpret pc=0x0000000002e5385c method=java.io.WinNTFileSystem.normalize(Ljava/lang/String;)Ljava/lang/String; @ 128

Classes redefined (0 events):
No events

Internal exceptions (10 events):
Event: 7.972 Thread 0x0000000019e49800 Exception <a 'java/lang/ClassNotFoundException': org/apache/log4j/PatternLayoutCustomizer> (0x00000000d925fcd8) thrown at [C:\re\workspace\8-2-build-windows-amd64-cygwin\jdk8u202\12323\hotspot\src\share\vm\classfile\systemDictionary.cpp, line 210]
Event: 7.996 Thread 0x0000000019e49800 Exception <a 'java/lang/ClassNotFoundException': org/apache/log4j/ConsoleAppenderBeanInfo> (0x00000000d92c9b30) thrown at [C:\re\workspace\8-2-build-windows-amd64-cygwin\jdk8u202\12323\hotspot\src\share\vm\classfile\systemDictionary.cpp, line 210]
Event: 7.996 Thread 0x0000000019e49800 Exception <a 'java/lang/ClassNotFoundException': org/apache/log4j/WriterAppenderBeanInfo> (0x00000000d92dc7e8) thrown at [C:\re\workspace\8-2-build-windows-amd64-cygwin\jdk8u202\12323\hotspot\src\share\vm\classfile\systemDictionary.cpp, line 210]
Event: 7.997 Thread 0x0000000019e49800 Exception <a 'java/lang/ClassNotFoundException': org/apache/log4j/AppenderSkeletonBeanInfo> (0x00000000d92efaf8) thrown at [C:\re\workspace\8-2-build-windows-amd64-cygwin\jdk8u202\12323\hotspot\src\share\vm\classfile\systemDictionary.cpp, line 210]
Event: 7.998 Thread 0x0000000019e49800 Exception <a 'java/lang/ClassNotFoundException': org/apache/log4j/AppenderSkeletonCustomizer> (0x00000000d9304260) thrown at [C:\re\workspace\8-2-build-windows-amd64-cygwin\jdk8u202\12323\hotspot\src\share\vm\classfile\systemDictionary.cpp, line 210]
Event: 8.001 Thread 0x0000000019e49800 Exception <a 'java/lang/ClassNotFoundException': org/apache/log4j/WriterAppenderCustomizer> (0x00000000d932a1a8) thrown at [C:\re\workspace\8-2-build-windows-amd64-cygwin\jdk8u202\12323\hotspot\src\share\vm\classfile\systemDictionary.cpp, line 210]
Event: 8.003 Thread 0x0000000019e49800 Exception <a 'java/lang/ClassNotFoundException': org/apache/log4j/ConsoleAppenderCustomizer> (0x00000000d9349b58) thrown at [C:\re\workspace\8-2-build-windows-amd64-cygwin\jdk8u202\12323\hotspot\src\share\vm\classfile\systemDictionary.cpp, line 210]
Event: 8.562 Thread 0x0000000019e49800 Exception <a 'java/io/FileNotFoundException'> (0x00000000d9409220) thrown at [C:\re\workspace\8-2-build-windows-amd64-cygwin\jdk8u202\12323\hotspot\src\share\vm\prims\jni.cpp, line 710]
Event: 8.562 Thread 0x0000000019e49800 Exception <a 'java/security/PrivilegedActionException'> (0x00000000d9409bd0) thrown at [C:\re\workspace\8-2-build-windows-amd64-cygwin\jdk8u202\12323\hotspot\src\share\vm\prims\jvm.cpp, line 1502]
Event: 8.562 Thread 0x0000000019e49800 Exception <a 'java/lang/reflect/InvocationTargetException'> (0x00000000d940c0a8) thrown at [C:\re\workspace\8-2-build-windows-amd64-cygwin\jdk8u202\12323\hotspot\src\share\vm\runtime\reflection.cpp, line 1092]

Events (10 events):
Event: 9.706 loading class org/apache/hadoop/hdfs/protocol/proto/ClientNamenodeProtocolProtos$CreateSnapshotResponseProto
Event: 9.706 loading class org/apache/hadoop/hdfs/protocol/proto/ClientNamenodeProtocolProtos$CreateSnapshotResponseProto done
Event: 9.707 loading class org/apache/hadoop/hdfs/protocol/proto/ClientNamenodeProtocolProtos$CreateSnapshotResponseProtoOrBuilder
Event: 9.707 loading class org/apache/hadoop/hdfs/protocol/proto/ClientNamenodeProtocolProtos$CreateSnapshotResponseProtoOrBuilder done
Event: 9.707 loading class org/apache/hadoop/hdfs/protocol/proto/AclProtos$RemoveDefaultAclRequestProto
Event: 9.707 loading class org/apache/hadoop/hdfs/protocol/proto/AclProtos$RemoveDefaultAclRequestProto done
Event: 9.708 loading class org/apache/hadoop/hdfs/protocol/proto/AclProtos$RemoveDefaultAclRequestProtoOrBuilder
Event: 9.708 loading class org/apache/hadoop/hdfs/protocol/proto/AclProtos$RemoveDefaultAclRequestProtoOrBuilder done
Event: 9.708 loading class org/apache/hadoop/hdfs/protocol/proto/AclProtos$RemoveDefaultAclResponseProto
Event: 9.708 loading class org/apache/hadoop/hdfs/protocol/proto/AclProtos$RemoveDefaultAclResponseProto done


Dynamic libraries:
0x00007ff662670000 - 0x00007ff6626a7000 	C:\Java\bin\javaw.exe
0x00007ffda1c90000 - 0x00007ffda1ea7000 	C:\WINDOWS\SYSTEM32\ntdll.dll
0x00007ffd9fc70000 - 0x00007ffd9fd34000 	C:\WINDOWS\System32\KERNEL32.DLL
0x00007ffd9f400000 - 0x00007ffd9f7a6000 	C:\WINDOWS\System32\KERNELBASE.dll
0x00007ffd9c0a0000 - 0x00007ffd9c137000 	C:\WINDOWS\SYSTEM32\apphelp.dll
0x00007ffda00d0000 - 0x00007ffda0180000 	C:\WINDOWS\System32\ADVAPI32.dll
0x00007ffd9fb10000 - 0x00007ffd9fbb7000 	C:\WINDOWS\System32\msvcrt.dll
0x00007ffda09c0000 - 0x00007ffda0a66000 	C:\WINDOWS\System32\sechost.dll
0x00007ffda1480000 - 0x00007ffda1597000 	C:\WINDOWS\System32\RPCRT4.dll
0x00007ffda0750000 - 0x00007ffda08fd000 	C:\WINDOWS\System32\USER32.dll
0x00007ffd9f9c0000 - 0x00007ffd9f9e6000 	C:\WINDOWS\System32\win32u.dll
0x00007ffda0340000 - 0x00007ffda0369000 	C:\WINDOWS\System32\GDI32.dll
0x00007ffd9f010000 - 0x00007ffd9f128000 	C:\WINDOWS\System32\gdi32full.dll
0x00007ffd9f920000 - 0x00007ffd9f9ba000 	C:\WINDOWS\System32\msvcp_win.dll
0x00007ffd9f130000 - 0x00007ffd9f241000 	C:\WINDOWS\System32\ucrtbase.dll
0x00007ffd8dd80000 - 0x00007ffd8e013000 	C:\WINDOWS\WinSxS\amd64_microsoft.windows.common-controls_6595b64144ccf1df_6.0.22621.2361_none_2712ced57382f843\COMCTL32.dll
0x00007ffda0900000 - 0x00007ffda0931000 	C:\WINDOWS\System32\IMM32.DLL
0x00000000711d0000 - 0x00000000712a2000 	C:\Java\jre\bin\msvcr100.dll
0x000000006feb0000 - 0x0000000070755000 	C:\Java\jre\bin\server\jvm.dll
0x00007ffda01e0000 - 0x00007ffda01e8000 	C:\WINDOWS\System32\PSAPI.DLL
0x00007ffd95040000 - 0x00007ffd95074000 	C:\WINDOWS\SYSTEM32\WINMM.dll
0x00007ffd98080000 - 0x00007ffd9808a000 	C:\WINDOWS\SYSTEM32\VERSION.dll
0x00007ffd9a6c0000 - 0x00007ffd9a6c9000 	C:\WINDOWS\SYSTEM32\WSOCK32.dll
0x00007ffda1600000 - 0x00007ffda1671000 	C:\WINDOWS\System32\WS2_32.dll
0x00007ffd98bc0000 - 0x00007ffd98bcf000 	C:\Java\jre\bin\verify.dll
0x00007ffd904c0000 - 0x00007ffd904e9000 	C:\Java\jre\bin\java.dll
0x00007ffd90860000 - 0x00007ffd90876000 	C:\Java\jre\bin\zip.dll
0x00007ffda0a70000 - 0x00007ffda12c8000 	C:\WINDOWS\System32\SHELL32.dll
0x00007ffd9cf80000 - 0x00007ffd9d872000 	C:\WINDOWS\SYSTEM32\windows.storage.dll
0x00007ffd9fd40000 - 0x00007ffda00ca000 	C:\WINDOWS\System32\combase.dll
0x00007ffd9ce40000 - 0x00007ffd9cf7e000 	C:\WINDOWS\SYSTEM32\wintypes.dll
0x00007ffda0530000 - 0x00007ffda0623000 	C:\WINDOWS\System32\SHCORE.dll
0x00007ffda15a0000 - 0x00007ffda15fe000 	C:\WINDOWS\System32\shlwapi.dll
0x00007ffd9ef40000 - 0x00007ffd9ef66000 	C:\WINDOWS\SYSTEM32\profapi.dll
0x00007ffd596d0000 - 0x00007ffd59869000 	C:\Java\jre\bin\awt.dll
0x00007ffda0660000 - 0x00007ffda0737000 	C:\WINDOWS\System32\OLEAUT32.dll
0x00007ffd9c420000 - 0x00007ffd9c44b000 	C:\WINDOWS\system32\DWMAPI.DLL
0x00007ffd9c1e0000 - 0x00007ffd9c28b000 	C:\WINDOWS\system32\uxtheme.dll
0x00007ffd6cb30000 - 0x00007ffd6cc30000 	C:\WINDOWS\system32\opengl32.dll
0x00007ffd95200000 - 0x00007ffd9522d000 	C:\WINDOWS\SYSTEM32\GLU32.dll
0x00007ffd9c490000 - 0x00007ffd9c4c6000 	C:\WINDOWS\SYSTEM32\dxcore.dll
0x00007ffda1680000 - 0x00007ffda17cc000 	C:\WINDOWS\System32\MSCTF.dll
0x00007ffda12d0000 - 0x00007ffda146f000 	C:\WINDOWS\System32\ole32.dll
0x00007ffd9e140000 - 0x00007ffd9e158000 	C:\WINDOWS\SYSTEM32\kernel.appcore.dll
0x00007ffd9f250000 - 0x00007ffd9f2ca000 	C:\WINDOWS\System32\bcryptPrimitives.dll
0x00007ffd48b80000 - 0x00007ffd48d29000 	C:\WINDOWS\system32\d3d9.dll
0x00007ffd947d0000 - 0x00007ffd9498b000 	C:\WINDOWS\System32\DriverStore\FileRepository\u0389794.inf_amd64_b7be4af85ac37a6e\B389490\aticfx64.dll
0x00007ffd8d380000 - 0x00007ffd8d3b4000 	C:\WINDOWS\System32\DriverStore\FileRepository\u0389794.inf_amd64_b7be4af85ac37a6e\B389490\atiu9p64.dll
0x00007ffd44ea0000 - 0x00007ffd45bf5000 	C:\WINDOWS\System32\DriverStore\FileRepository\u0389794.inf_amd64_b7be4af85ac37a6e\B389490\atiumd64.dll
0x00007ffd9c5c0000 - 0x00007ffd9c7ee000 	C:\WINDOWS\SYSTEM32\dbghelp.dll
0x00007ffd80a80000 - 0x00007ffd80ab2000 	C:\WINDOWS\SYSTEM32\dbgcore.DLL
0x00000000712b0000 - 0x00000000721fa000 	C:\WINDOWS\System32\DriverStore\FileRepository\u0389794.inf_amd64_b7be4af85ac37a6e\B389490\atiumd6a.dll
0x00007ffda17d0000 - 0x00007ffda1c44000 	C:\WINDOWS\System32\SETUPAPI.dll
0x00007ffd9dea0000 - 0x00007ffd9deed000 	C:\WINDOWS\SYSTEM32\POWRPROF.dll
0x00007ffd9de80000 - 0x00007ffd9de93000 	C:\WINDOWS\SYSTEM32\UMPDC.dll
0x00007ffd926b0000 - 0x00007ffd926e5000 	C:\WINDOWS\SYSTEM32\amdihk64.dll
0x00007ffd982b0000 - 0x00007ffd982fa000 	C:\WINDOWS\SYSTEM32\directxdatabasehelper.dll
0x00007ffd8b370000 - 0x00007ffd8b3b7000 	C:\Java\jre\bin\fontmanager.dll
0x00007ffd9fbc0000 - 0x00007ffd9fc70000 	C:\WINDOWS\System32\clbcatq.dll
0x00007ffd9b7f0000 - 0x00007ffd9b9a0000 	C:\WINDOWS\SYSTEM32\WindowsCodecs.dll
0x00007ffd89460000 - 0x00007ffd894be000 	C:\WINDOWS\system32\dataexchange.dll
0x00007ffd965b0000 - 0x00007ffd96835000 	C:\WINDOWS\system32\twinapi.appcore.dll
0x00007ffd8fe10000 - 0x00007ffd8fe2a000 	C:\Java\jre\bin\net.dll
0x00007ffd8f4c0000 - 0x00007ffd8f6b0000 	C:\WINDOWS\SYSTEM32\urlmon.dll
0x00007ffd8f200000 - 0x00007ffd8f4bc000 	C:\WINDOWS\SYSTEM32\iertutil.dll
0x00007ffd9db40000 - 0x00007ffd9db4c000 	C:\WINDOWS\SYSTEM32\netutils.dll
0x00007ffd8f1d0000 - 0x00007ffd8f1f9000 	C:\WINDOWS\SYSTEM32\srvcli.dll
0x00007ffd9e5c0000 - 0x00007ffd9e629000 	C:\WINDOWS\system32\mswsock.dll
0x00007ffd8fb90000 - 0x00007ffd8fba2000 	C:\Java\jre\bin\nio.dll
0x00007ffd8a950000 - 0x00007ffd8a992000 	C:\Java\jre\bin\t2k.dll
0x00007ffd84e40000 - 0x00007ffd84f8a000 	C:\WINDOWS\SYSTEM32\textinputframework.dll
0x00007ffd9bf10000 - 0x00007ffd9c043000 	C:\WINDOWS\SYSTEM32\CoreMessaging.dll
0x00007ffd977a0000 - 0x00007ffd97b0c000 	C:\WINDOWS\SYSTEM32\CoreUIComponents.dll
0x00007ffd9e830000 - 0x00007ffd9e83c000 	C:\WINDOWS\SYSTEM32\CRYPTBASE.DLL
0x00007ffd9a5c0000 - 0x00007ffd9a5cd000 	C:\Java\jre\bin\management.dll
0x00007ffd8f870000 - 0x00007ffd8f879000 	C:\Java\jre\bin\w2k_lsa_auth.dll
0x00007ffd9df20000 - 0x00007ffd9df2c000 	C:\WINDOWS\SYSTEM32\Secur32.dll
0x00007ffd9e3a0000 - 0x00007ffd9e3e2000 	C:\WINDOWS\SYSTEM32\SSPICLI.DLL
0x00007ffd67be0000 - 0x00007ffd67bfa000 	C:\hadoop-2.10.1\bin\hadoop.dll
0x00007ffd898c0000 - 0x00007ffd898d9000 	C:\WINDOWS\SYSTEM32\NETAPI32.dll
0x00007ffd9dcc0000 - 0x00007ffd9dd0f000 	C:\WINDOWS\SYSTEM32\AUTHZ.dll
0x00007ffd99a90000 - 0x00007ffd99aa9000 	C:\WINDOWS\SYSTEM32\SAMCLI.DLL
0x00007ffd8e720000 - 0x00007ffd8e728000 	C:\Java\jre\bin\jaas_nt.dll
0x00007ffd9e810000 - 0x00007ffd9e82b000 	C:\WINDOWS\SYSTEM32\CRYPTSP.dll
0x00007ffd9e0a0000 - 0x00007ffd9e0d5000 	C:\WINDOWS\system32\rsaenh.dll
0x00007ffd9e6b0000 - 0x00007ffd9e6dc000 	C:\WINDOWS\SYSTEM32\USERENV.dll
0x00007ffd9e9b0000 - 0x00007ffd9e9d8000 	C:\WINDOWS\SYSTEM32\bcrypt.dll
0x00007ffd9db50000 - 0x00007ffd9db7d000 	C:\WINDOWS\SYSTEM32\IPHLPAPI.DLL
0x00007ffda0740000 - 0x00007ffda0749000 	C:\WINDOWS\System32\NSI.dll
0x00007ffd96b20000 - 0x00007ffd96b39000 	C:\WINDOWS\SYSTEM32\dhcpcsvc6.DLL
0x00007ffd95590000 - 0x00007ffd955af000 	C:\WINDOWS\SYSTEM32\dhcpcsvc.DLL
0x00007ffd9db80000 - 0x00007ffd9dc79000 	C:\WINDOWS\SYSTEM32\DNSAPI.dll

VM Arguments:
jvm_args: -Dfile.encoding=UTF-8 
java_command: BigDataCourse.CarsProject.App
java_class_path (initial): C:\workspace\CarsProject\target\classes;C:\Java\lib\tools.jar;C:\Users\YGN\.m2\repository\org\apache\hadoop\hadoop-yarn-applications-distributedshell\2.7.1\hadoop-yarn-applications-distributedshell-2.7.1.jar;C:\Users\YGN\.m2\repository\log4j\log4j\1.2.17\log4j-1.2.17.jar;C:\Users\YGN\.m2\repository\commons-lang\commons-lang\2.6\commons-lang-2.6.jar;C:\Users\YGN\.m2\repository\com\google\guava\guava\11.0.2\guava-11.0.2.jar;C:\Users\YGN\.m2\repository\com\google\code\findbugs\jsr305\1.3.9\jsr305-1.3.9.jar;C:\Users\YGN\.m2\repository\commons-logging\commons-logging\1.1.3\commons-logging-1.1.3.jar;C:\Users\YGN\.m2\repository\commons-cli\commons-cli\1.2\commons-cli-1.2.jar;C:\Users\YGN\.m2\repository\commons-io\commons-io\2.4\commons-io-2.4.jar;C:\Users\YGN\.m2\repository\org\apache\hadoop\hadoop-annotations\2.7.1\hadoop-annotations-2.7.1.jar;C:\Users\YGN\.m2\repository\org\apache\hadoop\hadoop-yarn-client\2.7.1\hadoop-yarn-client-2.7.1.jar;C:\Users\YGN\.m2\repository\org\apache\hadoop\hadoop-yarn-applications-unmanaged-am-launcher\2.7.1\hadoop-yarn-applications-unmanaged-am-launcher-2.7.1.jar;C:\Users\YGN\.m2\repository\org\apache\hadoop\hadoop-yarn-server-common\2.7.1\hadoop-yarn-server-common-2.7.1.jar;C:\Users\YGN\.m2\repository\com\google\protobuf\protobuf-java\2.5.0\protobuf-java-2.5.0.jar;C:\Users\YGN\.m2\repository\org\apache\zookeeper\zookeeper\3.4.6\zookeeper-3.4.6.jar;C:\Users\YGN\.m2\repository\org\fusesource\leveldbjni\leveldbjni-all\1.8\leveldbjni-all-1.8.jar;C:\Users\YGN\.m2\repository\org\apache\hadoop\hadoop-yarn-server-applicationhistoryservice\2.7.1\hadoop-yarn-server-applicationhistoryservice-2.7.1.jar;C:\Users\YGN\.m2\repository\javax\servlet\servlet-api\2.5\servlet-api-2.5.jar;C:\Users\YGN\.m2\repository\com\google\inject\extensions\guice-servlet\3.0\guice-servlet-3.0.jar;C:\Users\YGN\.m2\repository\com\google\inject\guice\3.0\guice-3.0.jar;C:\Users\YGN\.m2\repository\javax\inject\javax.inject\1\javax.inject-1.jar;C:\Use
Launcher Type: SUN_STANDARD

Environment Variables:
JAVA_HOME=C:\Java
PATH=C:/Program Files/Java/jre1.8.0_202/bin/server;C:/Program Files/Java/jre1.8.0_202/bin;C:/Program Files/Java/jre1.8.0_202/lib/amd64;C:\Program Files (x86)\Common Files\Oracle\Java\javapath;C:\Program Files\Eclipse Foundation\jdk-8.0.302.8-hotspot\bin;L:\VrtualBox VMWARE\bin\;C:\Program Files\Common Files\Oracle\Java\javapath;C:\Program Files (x86)\NVIDIA Corporation\PhysX\Common;C:\WINDOWS\system32;C:\WINDOWS;C:\WINDOWS\System32\Wbem;C:\WINDOWS\System32\WindowsPowerShell\v1.0\;C:\WINDOWS\System32\OpenSSH\;C:\MinGW\bin;C:\Program Files\dotnet\;C:\Program Files\Microsoft SQL Server\130\Tools\Binn\;C:\Program Files\Microsoft SQL Server\Client SDK\ODBC\170\Tools\Binn\;C:\Program Files\Azure Data Studio\bin;C:\Program Files (x86)\Microsoft SQL Server\150\DTS\Binn\;C:\Program Files\nodejs\;C:\Program Files (x86)\Microsoft SQL Server\150\Tools\Binn\;C:\Program Files\Microsoft SQL Server\150\Tools\Binn\;C:\Program Files\Microsoft SQL Server\150\DTS\Binn\;C:\Program Files\TortoiseSVN\bin;C:\Program Files\Git\cmd;C:\Program Files\Wolfram Research\WolframScript\;C:\Java\bin;C:\hadoop-2.10.1\bin;C:\hadoop-2.10.1\sbin;C:\Users\YGN\AppData\Local\Programs\Python\Python312\Scripts\;C:\Users\YGN\AppData\Local\Programs\Python\Python312\;C:\Users\YGN\AppData\Local\Programs\Python\Launcher\;C:\Users\YGN\AppData\Local\Microsoft\WindowsApps;C:\Users\YGN\AppData\Local\Programs\Microsoft VS Code\bin;C:\Program Files\JetBrains\CLion 2020.2.4\bin;C:\Users\YGN\AppData\Local\GitHubDesktop\bin;C:\Users\YGN\AppData\Roaming\npm;C:\Users\YGN\.dotnet\tools;C:\eclipse;
USERNAME=YGN
OS=Windows_NT
PROCESSOR_IDENTIFIER=AMD64 Family 23 Model 96 Stepping 1, AuthenticAMD



---------------  S Y S T E M  ---------------

OS: Windows 10.0 , 64 bit Build 22621 (10.0.22621.2428)

CPU:total 6 (initial active 6) (6 cores per cpu, 1 threads per core) family 23 model 96 stepping 1, cmov, cx8, fxsr, mmx, sse, sse2, sse3, ssse3, sse4.1, sse4.2, popcnt, avx, avx2, aes, clmul, mmxext, 3dnowpref, lzcnt, sse4a, tsc, tscinvbit, tscinv, bmi1

Memory: 4k page, physical 7781828k(323964k free), swap 31899076k(5420k free)

vm_info: Java HotSpot(TM) 64-Bit Server VM (25.202-b08) for windows-amd64 JRE (1.8.0_202-b08), built on Dec 15 2018 19:54:30 by "java_re" with MS VC++ 10.0 (VS2010)

time: Sun Nov 05 17:18:11 2023
timezone: Türkiye Standard Time
elapsed time: 9 seconds (0d 0h 0m 9s)

